[16-Jan-2016 17:11:18 UTC] PHP Fatal error:  Call to a member function format() on a non-object in /home/ubuntu/workspace/storage/framework/views/fea943d268a284c9183c88d9c3bb0a75 on line 26
[16-Jan-2016 17:11:18 UTC] PHP Stack trace:
[16-Jan-2016 17:11:18 UTC] PHP   1. {main}() /home/ubuntu/workspace/public/index.php:0
[16-Jan-2016 17:11:18 UTC] PHP   2. Illuminate\Foundation\Http\Kernel->handle() /home/ubuntu/workspace/public/index.php:54
[16-Jan-2016 17:11:18 UTC] PHP   3. Illuminate\Foundation\Http\Kernel->sendRequestThroughRouter() /home/ubuntu/workspace/vendor/laravel/framework/src/Illuminate/Foundation/Http/Kernel.php:87
[16-Jan-2016 17:11:18 UTC] PHP   4. Illuminate\Pipeline\Pipeline->then() /home/ubuntu/workspace/vendor/laravel/framework/src/Illuminate/Foundation/Http/Kernel.php:122
[16-Jan-2016 17:11:18 UTC] PHP   5. call_user_func:{/home/ubuntu/workspace/vendor/laravel/framework/src/Illuminate/Pipeline/Pipeline.php:103}() /home/ubuntu/workspace/vendor/laravel/framework/src/Illuminate/Pipeline/Pipeline.php:103
[16-Jan-2016 17:11:18 UTC] PHP   6. Illuminate\Pipeline\Pipeline->Illuminate\Pipeline\{closure}() /home/ubuntu/workspace/vendor/laravel/framework/src/Illuminate/Pipeline/Pipeline.php:103
[16-Jan-2016 17:11:18 UTC] PHP   7. call_user_func_array:{/home/ubuntu/workspace/vendor/laravel/framework/src/Illuminate/Pipeline/Pipeline.php:124}() /home/ubuntu/workspace/vendor/laravel/framework/src/Illuminate/Pipeline/Pipeline.php:124
[16-Jan-2016 17:11:18 UTC] PHP   8. Illuminate\Foundation\Http\Middleware\CheckForMaintenanceMode->handle() /home/ubuntu/workspace/vendor/laravel/framework/src/Illuminate/Pipeline/Pipeline.php:124
[16-Jan-2016 17:11:18 UTC] PHP   9. Illuminate\Pipeline\Pipeline->Illuminate\Pipeline\{closure}() /home/ubuntu/workspace/vendor/laravel/framework/src/Illuminate/Foundation/Http/Middleware/CheckForMaintenanceMode.php:44
[16-Jan-2016 17:11:18 UTC] PHP  10. call_user_func_array:{/home/ubuntu/workspace/vendor/laravel/framework/src/Illuminate/Pipeline/Pipeline.php:124}() /home/ubuntu/workspace/vendor/laravel/framework/src/Illuminate/Pipeline/Pipeline.php:124
[16-Jan-2016 17:11:18 UTC] PHP  11. Illuminate\Cookie\Middleware\EncryptCookies->handle() /home/ubuntu/workspace/vendor/laravel/framework/src/Illuminate/Pipeline/Pipeline.php:124
[16-Jan-2016 17:11:18 UTC] PHP  12. Illuminate\Pipeline\Pipeline->Illuminate\Pipeline\{closure}() /home/ubuntu/workspace/vendor/laravel/framework/src/Illuminate/Cookie/Middleware/EncryptCookies.php:59
[16-Jan-2016 17:11:18 UTC] PHP  13. call_user_func_array:{/home/ubuntu/workspace/vendor/laravel/framework/src/Illuminate/Pipeline/Pipeline.php:124}() /home/ubuntu/workspace/vendor/laravel/framework/src/Illuminate/Pipeline/Pipeline.php:124
[16-Jan-2016 17:11:18 UTC] PHP  14. Illuminate\Cookie\Middleware\AddQueuedCookiesToResponse->handle() /home/ubuntu/workspace/vendor/laravel/framework/src/Illuminate/Pipeline/Pipeline.php:124
[16-Jan-2016 17:11:18 UTC] PHP  15. Illuminate\Pipeline\Pipeline->Illuminate\Pipeline\{closure}() /home/ubuntu/workspace/vendor/laravel/framework/src/Illuminate/Cookie/Middleware/AddQueuedCookiesToResponse.php:37
[16-Jan-2016 17:11:18 UTC] PHP  16. call_user_func_array:{/home/ubuntu/workspace/vendor/laravel/framework/src/Illuminate/Pipeline/Pipeline.php:124}() /home/ubuntu/workspace/vendor/laravel/framework/src/Illuminate/Pipeline/Pipeline.php:124
[16-Jan-2016 17:11:18 UTC] PHP  17. Illuminate\Session\Middleware\StartSession->handle() /home/ubuntu/workspace/vendor/laravel/framework/src/Illuminate/Pipeline/Pipeline.php:124
[16-Jan-2016 17:11:18 UTC] PHP  18. Illuminate\Pipeline\Pipeline->Illuminate\Pipeline\{closure}() /home/ubuntu/workspace/vendor/laravel/framework/src/Illuminate/Session/Middleware/StartSession.php:62
[16-Jan-2016 17:11:18 UTC] PHP  19. call_user_func_array:{/home/ubuntu/workspace/vendor/laravel/framework/src/Illuminate/Pipeline/Pipeline.php:124}() /home/ubuntu/workspace/vendor/laravel/framework/src/Illuminate/Pipeline/Pipeline.php:124
[16-Jan-2016 17:11:18 UTC] PHP  20. Illuminate\View\Middleware\ShareErrorsFromSession->handle() /home/ubuntu/workspace/vendor/laravel/framework/src/Illuminate/Pipeline/Pipeline.php:124
[16-Jan-2016 17:11:18 UTC] PHP  21. Illuminate\Pipeline\Pipeline->Illuminate\Pipeline\{closure}() /home/ubuntu/workspace/vendor/laravel/framework/src/Illuminate/View/Middleware/ShareErrorsFromSession.php:49
[16-Jan-2016 17:11:18 UTC] PHP  22. call_user_func_array:{/home/ubuntu/workspace/vendor/laravel/framework/src/Illuminate/Pipeline/Pipeline.php:124}() /home/ubuntu/workspace/vendor/laravel/framework/src/Illuminate/Pipeline/Pipeline.php:124
[16-Jan-2016 17:11:18 UTC] PHP  23. Illuminate\Foundation\Http\Middleware\VerifyCsrfToken->handle() /home/ubuntu/workspace/vendor/laravel/framework/src/Illuminate/Pipeline/Pipeline.php:124
[16-Jan-2016 17:11:18 UTC] PHP  24. Illuminate\Pipeline\Pipeline->Illuminate\Pipeline\{closure}() /home/ubuntu/workspace/vendor/laravel/framework/src/Illuminate/Foundation/Http/Middleware/VerifyCsrfToken.php:50
[16-Jan-2016 17:11:18 UTC] PHP  25. call_user_func:{/home/ubuntu/workspace/vendor/laravel/framework/src/Illuminate/Pipeline/Pipeline.php:139}() /home/ubuntu/workspace/vendor/laravel/framework/src/Illuminate/Pipeline/Pipeline.php:139
[16-Jan-2016 17:11:18 UTC] PHP  26. Illuminate\Foundation\Http\Kernel->Illuminate\Foundation\Http\{closure}() /home/ubuntu/workspace/vendor/laravel/framework/src/Illuminate/Pipeline/Pipeline.php:139
[16-Jan-2016 17:11:18 UTC] PHP  27. Illuminate\Routing\Router->dispatch() /home/ubuntu/workspace/vendor/laravel/framework/src/Illuminate/Foundation/Http/Kernel.php:236
[16-Jan-2016 17:11:18 UTC] PHP  28. Illuminate\Routing\Router->dispatchToRoute() /home/ubuntu/workspace/vendor/laravel/framework/src/Illuminate/Routing/Router.php:635
[16-Jan-2016 17:11:18 UTC] PHP  29. Illuminate\Routing\Router->runRouteWithinStack() /home/ubuntu/workspace/vendor/laravel/framework/src/Illuminate/Routing/Router.php:675
[16-Jan-2016 17:11:18 UTC] PHP  30. Illuminate\Pipeline\Pipeline->then() /home/ubuntu/workspace/vendor/laravel/framework/src/Illuminate/Routing/Router.php:710
[16-Jan-2016 17:11:18 UTC] PHP  31. call_user_func:{/home/ubuntu/workspace/vendor/laravel/framework/src/Illuminate/Pipeline/Pipeline.php:103}() /home/ubuntu/workspace/vendor/laravel/framework/src/Illuminate/Pipeline/Pipeline.php:103
[16-Jan-2016 17:11:18 UTC] PHP  32. Illuminate\Pipeline\Pipeline->Illuminate\Pipeline\{closure}() /home/ubuntu/workspace/vendor/laravel/framework/src/Illuminate/Pipeline/Pipeline.php:103
[16-Jan-2016 17:11:18 UTC] PHP  33. call_user_func:{/home/ubuntu/workspace/vendor/laravel/framework/src/Illuminate/Pipeline/Pipeline.php:139}() /home/ubuntu/workspace/vendor/laravel/framework/src/Illuminate/Pipeline/Pipeline.php:139
[16-Jan-2016 17:11:18 UTC] PHP  34. Illuminate\Routing\Router->Illuminate\Routing\{closure}() /home/ubuntu/workspace/vendor/laravel/framework/src/Illuminate/Pipeline/Pipeline.php:139
[16-Jan-2016 17:11:18 UTC] PHP  35. Illuminate\Routing\Route->run() /home/ubuntu/workspace/vendor/laravel/framework/src/Illuminate/Routing/Router.php:708
[16-Jan-2016 17:11:18 UTC] PHP  36. Illuminate\Routing\Route->runWithCustomDispatcher() /home/ubuntu/workspace/vendor/laravel/framework/src/Illuminate/Routing/Route.php:134
[16-Jan-2016 17:11:18 UTC] PHP  37. Illuminate\Routing\ControllerDispatcher->dispatch() /home/ubuntu/workspace/vendor/laravel/framework/src/Illuminate/Routing/Route.php:203
[16-Jan-2016 17:11:18 UTC] PHP  38. Illuminate\Routing\ControllerDispatcher->callWithinStack() /home/ubuntu/workspace/vendor/laravel/framework/src/Illuminate/Routing/ControllerDispatcher.php:69
[16-Jan-2016 17:11:18 UTC] PHP  39. Illuminate\Pipeline\Pipeline->then() /home/ubuntu/workspace/vendor/laravel/framework/src/Illuminate/Routing/ControllerDispatcher.php:114
[16-Jan-2016 17:11:18 UTC] PHP  40. call_user_func:{/home/ubuntu/workspace/vendor/laravel/framework/src/Illuminate/Pipeline/Pipeline.php:103}() /home/ubuntu/workspace/vendor/laravel/framework/src/Illuminate/Pipeline/Pipeline.php:103
[16-Jan-2016 17:11:18 UTC] PHP  41. Illuminate\Pipeline\Pipeline->Illuminate\Pipeline\{closure}() /home/ubuntu/workspace/vendor/laravel/framework/src/Illuminate/Pipeline/Pipeline.php:103
[16-Jan-2016 17:11:18 UTC] PHP  42. call_user_func:{/home/ubuntu/workspace/vendor/laravel/framework/src/Illuminate/Pipeline/Pipeline.php:139}() /home/ubuntu/workspace/vendor/laravel/framework/src/Illuminate/Pipeline/Pipeline.php:139
[16-Jan-2016 17:11:18 UTC] PHP  43. Illuminate\Routing\ControllerDispatcher->Illuminate\Routing\{closure}() /home/ubuntu/workspace/vendor/laravel/framework/src/Illuminate/Pipeline/Pipeline.php:139
[16-Jan-2016 17:11:18 UTC] PHP  44. Illuminate\Routing\Router->prepareResponse() /home/ubuntu/workspace/vendor/laravel/framework/src/Illuminate/Routing/ControllerDispatcher.php:113
[16-Jan-2016 17:11:18 UTC] PHP  45. Symfony\Component\HttpFoundation\Response->__construct() /home/ubuntu/workspace/vendor/laravel/framework/src/Illuminate/Routing/Router.php:1229
[16-Jan-2016 17:11:18 UTC] PHP  46. Illuminate\Http\Response->setContent() /home/ubuntu/workspace/vendor/symfony/http-foundation/Response.php:198
[16-Jan-2016 17:11:18 UTC] PHP  47. Illuminate\View\View->render() /home/ubuntu/workspace/vendor/laravel/framework/src/Illuminate/Http/Response.php:51
[16-Jan-2016 17:11:18 UTC] PHP  48. Illuminate\View\View->renderContents() /home/ubuntu/workspace/vendor/laravel/framework/src/Illuminate/View/View.php:80
[16-Jan-2016 17:11:18 UTC] PHP  49. Illuminate\View\View->getContents() /home/ubuntu/workspace/vendor/laravel/framework/src/Illuminate/View/View.php:106
[16-Jan-2016 17:11:18 UTC] PHP  50. Illuminate\View\Engines\CompilerEngine->get() /home/ubuntu/workspace/vendor/laravel/framework/src/Illuminate/View/View.php:135
[16-Jan-2016 17:11:18 UTC] PHP  51. Illuminate\View\Engines\PhpEngine->evaluatePath() /home/ubuntu/workspace/vendor/laravel/framework/src/Illuminate/View/Engines/CompilerEngine.php:58
[16-Jan-2016 17:11:18 UTC] PHP  52. include() /home/ubuntu/workspace/vendor/laravel/framework/src/Illuminate/View/Engines/PhpEngine.php:42
[16-Jan-2016 22:43:42 UTC] PHP Fatal error:  Call to undefined method App\Repositories\CccRepositoryEloquent::list() in /home/ubuntu/workspace/app/Http/Controllers/CccistaController.php on line 30
[16-Jan-2016 22:43:42 UTC] PHP Stack trace:
[16-Jan-2016 22:43:42 UTC] PHP   1. {main}() /home/ubuntu/workspace/public/index.php:0
[16-Jan-2016 22:43:42 UTC] PHP   2. Illuminate\Foundation\Http\Kernel->handle() /home/ubuntu/workspace/public/index.php:54
[16-Jan-2016 22:43:42 UTC] PHP   3. Illuminate\Foundation\Http\Kernel->sendRequestThroughRouter() /home/ubuntu/workspace/vendor/laravel/framework/src/Illuminate/Foundation/Http/Kernel.php:87
[16-Jan-2016 22:43:42 UTC] PHP   4. Illuminate\Pipeline\Pipeline->then() /home/ubuntu/workspace/vendor/laravel/framework/src/Illuminate/Foundation/Http/Kernel.php:122
[16-Jan-2016 22:43:42 UTC] PHP   5. call_user_func:{/home/ubuntu/workspace/vendor/laravel/framework/src/Illuminate/Pipeline/Pipeline.php:103}() /home/ubuntu/workspace/vendor/laravel/framework/src/Illuminate/Pipeline/Pipeline.php:103
[16-Jan-2016 22:43:42 UTC] PHP   6. Illuminate\Pipeline\Pipeline->Illuminate\Pipeline\{closure}() /home/ubuntu/workspace/vendor/laravel/framework/src/Illuminate/Pipeline/Pipeline.php:103
[16-Jan-2016 22:43:42 UTC] PHP   7. call_user_func_array:{/home/ubuntu/workspace/vendor/laravel/framework/src/Illuminate/Pipeline/Pipeline.php:124}() /home/ubuntu/workspace/vendor/laravel/framework/src/Illuminate/Pipeline/Pipeline.php:124
[16-Jan-2016 22:43:42 UTC] PHP   8. Illuminate\Foundation\Http\Middleware\CheckForMaintenanceMode->handle() /home/ubuntu/workspace/vendor/laravel/framework/src/Illuminate/Pipeline/Pipeline.php:124
[16-Jan-2016 22:43:42 UTC] PHP   9. Illuminate\Pipeline\Pipeline->Illuminate\Pipeline\{closure}() /home/ubuntu/workspace/vendor/laravel/framework/src/Illuminate/Foundation/Http/Middleware/CheckForMaintenanceMode.php:44
[16-Jan-2016 22:43:42 UTC] PHP  10. call_user_func_array:{/home/ubuntu/workspace/vendor/laravel/framework/src/Illuminate/Pipeline/Pipeline.php:124}() /home/ubuntu/workspace/vendor/laravel/framework/src/Illuminate/Pipeline/Pipeline.php:124
[16-Jan-2016 22:43:42 UTC] PHP  11. Illuminate\Cookie\Middleware\EncryptCookies->handle() /home/ubuntu/workspace/vendor/laravel/framework/src/Illuminate/Pipeline/Pipeline.php:124
[16-Jan-2016 22:43:42 UTC] PHP  12. Illuminate\Pipeline\Pipeline->Illuminate\Pipeline\{closure}() /home/ubuntu/workspace/vendor/laravel/framework/src/Illuminate/Cookie/Middleware/EncryptCookies.php:59
[16-Jan-2016 22:43:42 UTC] PHP  13. call_user_func_array:{/home/ubuntu/workspace/vendor/laravel/framework/src/Illuminate/Pipeline/Pipeline.php:124}() /home/ubuntu/workspace/vendor/laravel/framework/src/Illuminate/Pipeline/Pipeline.php:124
[16-Jan-2016 22:43:42 UTC] PHP  14. Illuminate\Cookie\Middleware\AddQueuedCookiesToResponse->handle() /home/ubuntu/workspace/vendor/laravel/framework/src/Illuminate/Pipeline/Pipeline.php:124
[16-Jan-2016 22:43:42 UTC] PHP  15. Illuminate\Pipeline\Pipeline->Illuminate\Pipeline\{closure}() /home/ubuntu/workspace/vendor/laravel/framework/src/Illuminate/Cookie/Middleware/AddQueuedCookiesToResponse.php:37
[16-Jan-2016 22:43:42 UTC] PHP  16. call_user_func_array:{/home/ubuntu/workspace/vendor/laravel/framework/src/Illuminate/Pipeline/Pipeline.php:124}() /home/ubuntu/workspace/vendor/laravel/framework/src/Illuminate/Pipeline/Pipeline.php:124
[16-Jan-2016 22:43:42 UTC] PHP  17. Illuminate\Session\Middleware\StartSession->handle() /home/ubuntu/workspace/vendor/laravel/framework/src/Illuminate/Pipeline/Pipeline.php:124
[16-Jan-2016 22:43:42 UTC] PHP  18. Illuminate\Pipeline\Pipeline->Illuminate\Pipeline\{closure}() /home/ubuntu/workspace/vendor/laravel/framework/src/Illuminate/Session/Middleware/StartSession.php:62
[16-Jan-2016 22:43:42 UTC] PHP  19. call_user_func_array:{/home/ubuntu/workspace/vendor/laravel/framework/src/Illuminate/Pipeline/Pipeline.php:124}() /home/ubuntu/workspace/vendor/laravel/framework/src/Illuminate/Pipeline/Pipeline.php:124
[16-Jan-2016 22:43:42 UTC] PHP  20. Illuminate\View\Middleware\ShareErrorsFromSession->handle() /home/ubuntu/workspace/vendor/laravel/framework/src/Illuminate/Pipeline/Pipeline.php:124
[16-Jan-2016 22:43:42 UTC] PHP  21. Illuminate\Pipeline\Pipeline->Illuminate\Pipeline\{closure}() /home/ubuntu/workspace/vendor/laravel/framework/src/Illuminate/View/Middleware/ShareErrorsFromSession.php:49
[16-Jan-2016 22:43:42 UTC] PHP  22. call_user_func_array:{/home/ubuntu/workspace/vendor/laravel/framework/src/Illuminate/Pipeline/Pipeline.php:124}() /home/ubuntu/workspace/vendor/laravel/framework/src/Illuminate/Pipeline/Pipeline.php:124
[16-Jan-2016 22:43:42 UTC] PHP  23. Illuminate\Foundation\Http\Middleware\VerifyCsrfToken->handle() /home/ubuntu/workspace/vendor/laravel/framework/src/Illuminate/Pipeline/Pipeline.php:124
[16-Jan-2016 22:43:42 UTC] PHP  24. Illuminate\Pipeline\Pipeline->Illuminate\Pipeline\{closure}() /home/ubuntu/workspace/vendor/laravel/framework/src/Illuminate/Foundation/Http/Middleware/VerifyCsrfToken.php:50
[16-Jan-2016 22:43:42 UTC] PHP  25. call_user_func:{/home/ubuntu/workspace/vendor/laravel/framework/src/Illuminate/Pipeline/Pipeline.php:139}() /home/ubuntu/workspace/vendor/laravel/framework/src/Illuminate/Pipeline/Pipeline.php:139
[16-Jan-2016 22:43:42 UTC] PHP  26. Illuminate\Foundation\Http\Kernel->Illuminate\Foundation\Http\{closure}() /home/ubuntu/workspace/vendor/laravel/framework/src/Illuminate/Pipeline/Pipeline.php:139
[16-Jan-2016 22:43:42 UTC] PHP  27. Illuminate\Routing\Router->dispatch() /home/ubuntu/workspace/vendor/laravel/framework/src/Illuminate/Foundation/Http/Kernel.php:236
[16-Jan-2016 22:43:42 UTC] PHP  28. Illuminate\Routing\Router->dispatchToRoute() /home/ubuntu/workspace/vendor/laravel/framework/src/Illuminate/Routing/Router.php:635
[16-Jan-2016 22:43:42 UTC] PHP  29. Illuminate\Routing\Router->runRouteWithinStack() /home/ubuntu/workspace/vendor/laravel/framework/src/Illuminate/Routing/Router.php:675
[16-Jan-2016 22:43:42 UTC] PHP  30. Illuminate\Pipeline\Pipeline->then() /home/ubuntu/workspace/vendor/laravel/framework/src/Illuminate/Routing/Router.php:710
[16-Jan-2016 22:43:42 UTC] PHP  31. call_user_func:{/home/ubuntu/workspace/vendor/laravel/framework/src/Illuminate/Pipeline/Pipeline.php:103}() /home/ubuntu/workspace/vendor/laravel/framework/src/Illuminate/Pipeline/Pipeline.php:103
[16-Jan-2016 22:43:42 UTC] PHP  32. Illuminate\Pipeline\Pipeline->Illuminate\Pipeline\{closure}() /home/ubuntu/workspace/vendor/laravel/framework/src/Illuminate/Pipeline/Pipeline.php:103
[16-Jan-2016 22:43:42 UTC] PHP  33. call_user_func:{/home/ubuntu/workspace/vendor/laravel/framework/src/Illuminate/Pipeline/Pipeline.php:139}() /home/ubuntu/workspace/vendor/laravel/framework/src/Illuminate/Pipeline/Pipeline.php:139
[16-Jan-2016 22:43:42 UTC] PHP  34. Illuminate\Routing\Router->Illuminate\Routing\{closure}() /home/ubuntu/workspace/vendor/laravel/framework/src/Illuminate/Pipeline/Pipeline.php:139
[16-Jan-2016 22:43:42 UTC] PHP  35. Illuminate\Routing\Route->run() /home/ubuntu/workspace/vendor/laravel/framework/src/Illuminate/Routing/Router.php:708
[16-Jan-2016 22:43:42 UTC] PHP  36. Illuminate\Routing\Route->runWithCustomDispatcher() /home/ubuntu/workspace/vendor/laravel/framework/src/Illuminate/Routing/Route.php:134
[16-Jan-2016 22:43:42 UTC] PHP  37. Illuminate\Routing\ControllerDispatcher->dispatch() /home/ubuntu/workspace/vendor/laravel/framework/src/Illuminate/Routing/Route.php:203
[16-Jan-2016 22:43:42 UTC] PHP  38. Illuminate\Routing\ControllerDispatcher->callWithinStack() /home/ubuntu/workspace/vendor/laravel/framework/src/Illuminate/Routing/ControllerDispatcher.php:69
[16-Jan-2016 22:43:42 UTC] PHP  39. Illuminate\Pipeline\Pipeline->then() /home/ubuntu/workspace/vendor/laravel/framework/src/Illuminate/Routing/ControllerDispatcher.php:114
[16-Jan-2016 22:43:42 UTC] PHP  40. call_user_func:{/home/ubuntu/workspace/vendor/laravel/framework/src/Illuminate/Pipeline/Pipeline.php:103}() /home/ubuntu/workspace/vendor/laravel/framework/src/Illuminate/Pipeline/Pipeline.php:103
[16-Jan-2016 22:43:42 UTC] PHP  41. Illuminate\Pipeline\Pipeline->Illuminate\Pipeline\{closure}() /home/ubuntu/workspace/vendor/laravel/framework/src/Illuminate/Pipeline/Pipeline.php:103
[16-Jan-2016 22:43:42 UTC] PHP  42. call_user_func:{/home/ubuntu/workspace/vendor/laravel/framework/src/Illuminate/Pipeline/Pipeline.php:139}() /home/ubuntu/workspace/vendor/laravel/framework/src/Illuminate/Pipeline/Pipeline.php:139
[16-Jan-2016 22:43:42 UTC] PHP  43. Illuminate\Routing\ControllerDispatcher->Illuminate\Routing\{closure}() /home/ubuntu/workspace/vendor/laravel/framework/src/Illuminate/Pipeline/Pipeline.php:139
[16-Jan-2016 22:43:42 UTC] PHP  44. Illuminate\Routing\ControllerDispatcher->call() /home/ubuntu/workspace/vendor/laravel/framework/src/Illuminate/Routing/ControllerDispatcher.php:112
[16-Jan-2016 22:43:42 UTC] PHP  45. Illuminate\Routing\Controller->callAction() /home/ubuntu/workspace/vendor/laravel/framework/src/Illuminate/Routing/ControllerDispatcher.php:164
[16-Jan-2016 22:43:42 UTC] PHP  46. call_user_func_array:{/home/ubuntu/workspace/vendor/laravel/framework/src/Illuminate/Routing/Controller.php:256}() /home/ubuntu/workspace/vendor/laravel/framework/src/Illuminate/Routing/Controller.php:256
[16-Jan-2016 22:43:42 UTC] PHP  47. App\Http\Controllers\CccistaController->create() /home/ubuntu/workspace/vendor/laravel/framework/src/Illuminate/Routing/Controller.php:256
[17-Jan-2016 01:06:00 UTC] PHP Fatal error:  Call to undefined method App\Repositories\CccRepositoryEloquent::list() in /home/ubuntu/workspace/app/Http/Controllers/CccistaController.php on line 30
[17-Jan-2016 01:06:00 UTC] PHP Stack trace:
[17-Jan-2016 01:06:00 UTC] PHP   1. {main}() /home/ubuntu/workspace/public/index.php:0
[17-Jan-2016 01:06:00 UTC] PHP   2. Illuminate\Foundation\Http\Kernel->handle() /home/ubuntu/workspace/public/index.php:54
[17-Jan-2016 01:06:00 UTC] PHP   3. Illuminate\Foundation\Http\Kernel->sendRequestThroughRouter() /home/ubuntu/workspace/vendor/laravel/framework/src/Illuminate/Foundation/Http/Kernel.php:87
[17-Jan-2016 01:06:00 UTC] PHP   4. Illuminate\Pipeline\Pipeline->then() /home/ubuntu/workspace/vendor/laravel/framework/src/Illuminate/Foundation/Http/Kernel.php:122
[17-Jan-2016 01:06:00 UTC] PHP   5. call_user_func:{/home/ubuntu/workspace/vendor/laravel/framework/src/Illuminate/Pipeline/Pipeline.php:103}() /home/ubuntu/workspace/vendor/laravel/framework/src/Illuminate/Pipeline/Pipeline.php:103
[17-Jan-2016 01:06:00 UTC] PHP   6. Illuminate\Pipeline\Pipeline->Illuminate\Pipeline\{closure}() /home/ubuntu/workspace/vendor/laravel/framework/src/Illuminate/Pipeline/Pipeline.php:103
[17-Jan-2016 01:06:00 UTC] PHP   7. call_user_func_array:{/home/ubuntu/workspace/vendor/laravel/framework/src/Illuminate/Pipeline/Pipeline.php:124}() /home/ubuntu/workspace/vendor/laravel/framework/src/Illuminate/Pipeline/Pipeline.php:124
[17-Jan-2016 01:06:00 UTC] PHP   8. Illuminate\Foundation\Http\Middleware\CheckForMaintenanceMode->handle() /home/ubuntu/workspace/vendor/laravel/framework/src/Illuminate/Pipeline/Pipeline.php:124
[17-Jan-2016 01:06:00 UTC] PHP   9. Illuminate\Pipeline\Pipeline->Illuminate\Pipeline\{closure}() /home/ubuntu/workspace/vendor/laravel/framework/src/Illuminate/Foundation/Http/Middleware/CheckForMaintenanceMode.php:44
[17-Jan-2016 01:06:00 UTC] PHP  10. call_user_func_array:{/home/ubuntu/workspace/vendor/laravel/framework/src/Illuminate/Pipeline/Pipeline.php:124}() /home/ubuntu/workspace/vendor/laravel/framework/src/Illuminate/Pipeline/Pipeline.php:124
[17-Jan-2016 01:06:00 UTC] PHP  11. Illuminate\Cookie\Middleware\EncryptCookies->handle() /home/ubuntu/workspace/vendor/laravel/framework/src/Illuminate/Pipeline/Pipeline.php:124
[17-Jan-2016 01:06:00 UTC] PHP  12. Illuminate\Pipeline\Pipeline->Illuminate\Pipeline\{closure}() /home/ubuntu/workspace/vendor/laravel/framework/src/Illuminate/Cookie/Middleware/EncryptCookies.php:59
[17-Jan-2016 01:06:00 UTC] PHP  13. call_user_func_array:{/home/ubuntu/workspace/vendor/laravel/framework/src/Illuminate/Pipeline/Pipeline.php:124}() /home/ubuntu/workspace/vendor/laravel/framework/src/Illuminate/Pipeline/Pipeline.php:124
[17-Jan-2016 01:06:00 UTC] PHP  14. Illuminate\Cookie\Middleware\AddQueuedCookiesToResponse->handle() /home/ubuntu/workspace/vendor/laravel/framework/src/Illuminate/Pipeline/Pipeline.php:124
[17-Jan-2016 01:06:00 UTC] PHP  15. Illuminate\Pipeline\Pipeline->Illuminate\Pipeline\{closure}() /home/ubuntu/workspace/vendor/laravel/framework/src/Illuminate/Cookie/Middleware/AddQueuedCookiesToResponse.php:37
[17-Jan-2016 01:06:00 UTC] PHP  16. call_user_func_array:{/home/ubuntu/workspace/vendor/laravel/framework/src/Illuminate/Pipeline/Pipeline.php:124}() /home/ubuntu/workspace/vendor/laravel/framework/src/Illuminate/Pipeline/Pipeline.php:124
[17-Jan-2016 01:06:00 UTC] PHP  17. Illuminate\Session\Middleware\StartSession->handle() /home/ubuntu/workspace/vendor/laravel/framework/src/Illuminate/Pipeline/Pipeline.php:124
[17-Jan-2016 01:06:00 UTC] PHP  18. Illuminate\Pipeline\Pipeline->Illuminate\Pipeline\{closure}() /home/ubuntu/workspace/vendor/laravel/framework/src/Illuminate/Session/Middleware/StartSession.php:62
[17-Jan-2016 01:06:00 UTC] PHP  19. call_user_func_array:{/home/ubuntu/workspace/vendor/laravel/framework/src/Illuminate/Pipeline/Pipeline.php:124}() /home/ubuntu/workspace/vendor/laravel/framework/src/Illuminate/Pipeline/Pipeline.php:124
[17-Jan-2016 01:06:00 UTC] PHP  20. Illuminate\View\Middleware\ShareErrorsFromSession->handle() /home/ubuntu/workspace/vendor/laravel/framework/src/Illuminate/Pipeline/Pipeline.php:124
[17-Jan-2016 01:06:00 UTC] PHP  21. Illuminate\Pipeline\Pipeline->Illuminate\Pipeline\{closure}() /home/ubuntu/workspace/vendor/laravel/framework/src/Illuminate/View/Middleware/ShareErrorsFromSession.php:49
[17-Jan-2016 01:06:00 UTC] PHP  22. call_user_func_array:{/home/ubuntu/workspace/vendor/laravel/framework/src/Illuminate/Pipeline/Pipeline.php:124}() /home/ubuntu/workspace/vendor/laravel/framework/src/Illuminate/Pipeline/Pipeline.php:124
[17-Jan-2016 01:06:00 UTC] PHP  23. Illuminate\Foundation\Http\Middleware\VerifyCsrfToken->handle() /home/ubuntu/workspace/vendor/laravel/framework/src/Illuminate/Pipeline/Pipeline.php:124
[17-Jan-2016 01:06:00 UTC] PHP  24. Illuminate\Pipeline\Pipeline->Illuminate\Pipeline\{closure}() /home/ubuntu/workspace/vendor/laravel/framework/src/Illuminate/Foundation/Http/Middleware/VerifyCsrfToken.php:50
[17-Jan-2016 01:06:00 UTC] PHP  25. call_user_func:{/home/ubuntu/workspace/vendor/laravel/framework/src/Illuminate/Pipeline/Pipeline.php:139}() /home/ubuntu/workspace/vendor/laravel/framework/src/Illuminate/Pipeline/Pipeline.php:139
[17-Jan-2016 01:06:00 UTC] PHP  26. Illuminate\Foundation\Http\Kernel->Illuminate\Foundation\Http\{closure}() /home/ubuntu/workspace/vendor/laravel/framework/src/Illuminate/Pipeline/Pipeline.php:139
[17-Jan-2016 01:06:00 UTC] PHP  27. Illuminate\Routing\Router->dispatch() /home/ubuntu/workspace/vendor/laravel/framework/src/Illuminate/Foundation/Http/Kernel.php:236
[17-Jan-2016 01:06:00 UTC] PHP  28. Illuminate\Routing\Router->dispatchToRoute() /home/ubuntu/workspace/vendor/laravel/framework/src/Illuminate/Routing/Router.php:635
[17-Jan-2016 01:06:00 UTC] PHP  29. Illuminate\Routing\Router->runRouteWithinStack() /home/ubuntu/workspace/vendor/laravel/framework/src/Illuminate/Routing/Router.php:675
[17-Jan-2016 01:06:00 UTC] PHP  30. Illuminate\Pipeline\Pipeline->then() /home/ubuntu/workspace/vendor/laravel/framework/src/Illuminate/Routing/Router.php:710
[17-Jan-2016 01:06:00 UTC] PHP  31. call_user_func:{/home/ubuntu/workspace/vendor/laravel/framework/src/Illuminate/Pipeline/Pipeline.php:103}() /home/ubuntu/workspace/vendor/laravel/framework/src/Illuminate/Pipeline/Pipeline.php:103
[17-Jan-2016 01:06:00 UTC] PHP  32. Illuminate\Pipeline\Pipeline->Illuminate\Pipeline\{closure}() /home/ubuntu/workspace/vendor/laravel/framework/src/Illuminate/Pipeline/Pipeline.php:103
[17-Jan-2016 01:06:00 UTC] PHP  33. call_user_func:{/home/ubuntu/workspace/vendor/laravel/framework/src/Illuminate/Pipeline/Pipeline.php:139}() /home/ubuntu/workspace/vendor/laravel/framework/src/Illuminate/Pipeline/Pipeline.php:139
[17-Jan-2016 01:06:00 UTC] PHP  34. Illuminate\Routing\Router->Illuminate\Routing\{closure}() /home/ubuntu/workspace/vendor/laravel/framework/src/Illuminate/Pipeline/Pipeline.php:139
[17-Jan-2016 01:06:00 UTC] PHP  35. Illuminate\Routing\Route->run() /home/ubuntu/workspace/vendor/laravel/framework/src/Illuminate/Routing/Router.php:708
[17-Jan-2016 01:06:00 UTC] PHP  36. Illuminate\Routing\Route->runWithCustomDispatcher() /home/ubuntu/workspace/vendor/laravel/framework/src/Illuminate/Routing/Route.php:134
[17-Jan-2016 01:06:00 UTC] PHP  37. Illuminate\Routing\ControllerDispatcher->dispatch() /home/ubuntu/workspace/vendor/laravel/framework/src/Illuminate/Routing/Route.php:203
[17-Jan-2016 01:06:00 UTC] PHP  38. Illuminate\Routing\ControllerDispatcher->callWithinStack() /home/ubuntu/workspace/vendor/laravel/framework/src/Illuminate/Routing/ControllerDispatcher.php:69
[17-Jan-2016 01:06:00 UTC] PHP  39. Illuminate\Pipeline\Pipeline->then() /home/ubuntu/workspace/vendor/laravel/framework/src/Illuminate/Routing/ControllerDispatcher.php:114
[17-Jan-2016 01:06:00 UTC] PHP  40. call_user_func:{/home/ubuntu/workspace/vendor/laravel/framework/src/Illuminate/Pipeline/Pipeline.php:103}() /home/ubuntu/workspace/vendor/laravel/framework/src/Illuminate/Pipeline/Pipeline.php:103
[17-Jan-2016 01:06:00 UTC] PHP  41. Illuminate\Pipeline\Pipeline->Illuminate\Pipeline\{closure}() /home/ubuntu/workspace/vendor/laravel/framework/src/Illuminate/Pipeline/Pipeline.php:103
[17-Jan-2016 01:06:00 UTC] PHP  42. call_user_func:{/home/ubuntu/workspace/vendor/laravel/framework/src/Illuminate/Pipeline/Pipeline.php:139}() /home/ubuntu/workspace/vendor/laravel/framework/src/Illuminate/Pipeline/Pipeline.php:139
[17-Jan-2016 01:06:00 UTC] PHP  43. Illuminate\Routing\ControllerDispatcher->Illuminate\Routing\{closure}() /home/ubuntu/workspace/vendor/laravel/framework/src/Illuminate/Pipeline/Pipeline.php:139
[17-Jan-2016 01:06:00 UTC] PHP  44. Illuminate\Routing\ControllerDispatcher->call() /home/ubuntu/workspace/vendor/laravel/framework/src/Illuminate/Routing/ControllerDispatcher.php:112
[17-Jan-2016 01:06:00 UTC] PHP  45. Illuminate\Routing\Controller->callAction() /home/ubuntu/workspace/vendor/laravel/framework/src/Illuminate/Routing/ControllerDispatcher.php:164
[17-Jan-2016 01:06:00 UTC] PHP  46. call_user_func_array:{/home/ubuntu/workspace/vendor/laravel/framework/src/Illuminate/Routing/Controller.php:256}() /home/ubuntu/workspace/vendor/laravel/framework/src/Illuminate/Routing/Controller.php:256
[17-Jan-2016 01:06:00 UTC] PHP  47. App\Http\Controllers\CccistaController->create() /home/ubuntu/workspace/vendor/laravel/framework/src/Illuminate/Routing/Controller.php:256
